{
  "stats": {
    "suites": 1,
    "tests": 2,
    "passes": 2,
    "pending": 0,
    "failures": 0,
    "start": "2025-03-23T02:24:41.585Z",
    "end": "2025-03-23T02:24:47.383Z",
    "duration": 5798,
    "testsRegistered": 2,
    "passPercent": 100,
    "pendingPercent": 0,
    "other": 0,
    "hasOther": false,
    "skipped": 0,
    "hasSkipped": false
  },
  "results": [
    {
      "uuid": "eda5664d-90eb-4722-b30c-5d20212e8f51",
      "title": "",
      "fullFile": "cypress\\e2e\\swagLabs.cy.ts",
      "file": "cypress\\e2e\\swagLabs.cy.ts",
      "beforeHooks": [],
      "afterHooks": [],
      "tests": [],
      "suites": [
        {
          "uuid": "fc30a5df-e51a-4a59-9ade-c5ca0c14b7e7",
          "title": "Swag Labs Automation",
          "fullFile": "",
          "file": "",
          "beforeHooks": [],
          "afterHooks": [],
          "tests": [
            {
              "title": "User should be able to add, edit and sort items",
              "fullTitle": "Swag Labs Automation User should be able to add, edit and sort items",
              "timedOut": null,
              "duration": 3215,
              "state": "passed",
              "speed": "fast",
              "pass": true,
              "fail": false,
              "pending": false,
              "context": null,
              "code": "//Adding items to the cart\ncy.get(swagLabs_page_1.default.addItems.item1).click();\ncy.get(swagLabs_page_1.default.addItems.item2).click();\ncy.get(swagLabs_page_1.default.addItems.cartIcon).should('be.visible');\ncy.get(swagLabs_page_1.default.addItems.cart_badge).should('have.text', '2');\n//Edidting the cart\ncy.get(swagLabs_page_1.default.addItems.cartIcon).click();\ncy.get(swagLabs_page_1.default.editCart.removeItem1).click();\ncy.get(swagLabs_page_1.default.editCart.continueShopping).click();\ncy.get(swagLabs_page_1.default.addItems.cart_badge).should('have.text', '1');\n//sorting the items",
              "err": {},
              "uuid": "6d625b10-8dea-4fd3-bcf4-1f74e5a0fa0b",
              "parentUUID": "fc30a5df-e51a-4a59-9ade-c5ca0c14b7e7",
              "isHook": false,
              "skipped": false
            },
            {
              "title": "negative test scenario with login",
              "fullTitle": "Swag Labs Automation negative test scenario with login",
              "timedOut": null,
              "duration": 2469,
              "state": "passed",
              "speed": "fast",
              "pass": true,
              "fail": false,
              "pending": false,
              "context": null,
              "code": "cy.get(swagLabs_page_1.default.applicationHeader.sidebar_menu).click();\ncy.get(swagLabs_page_1.default.login.logoutButton).click();\ncy.get(swagLabs_page_1.default.login.userName).type(Cypress.env('negativeUserName'));\ncy.get(swagLabs_page_1.default.login.password).type(Cypress.env('password'));\ncy.get(swagLabs_page_1.default.login.loginButton).click();\ncy.get(swagLabs_page_1.default.login.errorMessage).should('be.visible');",
              "err": {},
              "uuid": "a8056424-092d-428b-9748-abe8086dc1c1",
              "parentUUID": "fc30a5df-e51a-4a59-9ade-c5ca0c14b7e7",
              "isHook": false,
              "skipped": false
            }
          ],
          "suites": [],
          "passes": [
            "6d625b10-8dea-4fd3-bcf4-1f74e5a0fa0b",
            "a8056424-092d-428b-9748-abe8086dc1c1"
          ],
          "failures": [],
          "pending": [],
          "skipped": [],
          "duration": 5684,
          "root": false,
          "rootEmpty": false,
          "_timeout": 2000
        }
      ],
      "passes": [],
      "failures": [],
      "pending": [],
      "skipped": [],
      "duration": 0,
      "root": true,
      "rootEmpty": true,
      "_timeout": 2000
    }
  ],
  "meta": {
    "mocha": {
      "version": "7.0.1"
    },
    "mochawesome": {
      "options": {
        "quiet": false,
        "reportFilename": "test-results",
        "saveHtml": true,
        "saveJson": true,
        "consoleReporter": "spec",
        "useInlineDiffs": false,
        "code": true
      },
      "version": "7.1.3"
    },
    "marge": {
      "options": {
        "mochaFile": "reports/e2e-test-results-[hash].xml",
        "reportDir": "reports",
        "overwrite": false,
        "html": true,
        "json": true,
        "reportFilename": "test-results"
      },
      "version": "6.2.0"
    }
  }
}